#
# A fatal error has been detected by the Java Runtime Environment:
#
#  Internal Error (classFileParser.cpp:3494), pid=2858, tid=3061889856
#  Error: ShouldNotReachHere()
#
# JRE version: 6.0_24-b24
# Java VM: OpenJDK Server VM (20.0-b12 mixed mode linux-x86 )
# Derivative: IcedTea6 1.11.3
# Distribution: Ubuntu 12.04 LTS, package 6b24-1.11.3-1ubuntu0.12.04.1
# If you would like to submit a bug report, please include
# instructions how to reproduce the bug and visit:
#   https://bugs.launchpad.net/ubuntu/+source/openjdk-6/
#

---------------  T H R E A D  ---------------

Current thread (0xb6605400):  JavaThread "Unknown thread" [_thread_in_vm, id=2863, stack(0xb67bb000,0xb680c000)]

Stack: [0xb67bb000,0xb680c000]
[error occurred during error reporting (printing stack bounds), id 0xb]


[error occurred during error reporting (printing native stack), id 0xb]


---------------  P R O C E S S  ---------------

Java Threads: ( => current thread )

Other Threads:

=>0xb6605400 (exited) JavaThread "Unknown thread" [_thread_in_vm, id=2863, stack(0xb67bb000,0xb680c000)]

VM state:not at safepoint (not fully initialized)

VM Mutex/Monitor currently owned by a thread: None

Dynamic libraries:
08048000-08051000 r-xp 00000000 08:09 747605     /usr/lib/jvm/java-6-openjdk-i386/jre/bin/java
08051000-08052000 r--p 00008000 08:09 747605     /usr/lib/jvm/java-6-openjdk-i386/jre/bin/java
08052000-08053000 rw-p 00009000 08:09 747605     /usr/lib/jvm/java-6-openjdk-i386/jre/bin/java
089b6000-089d7000 rw-p 00000000 00:00 0          [heap]
7fa00000-7fa21000 rw-p 00000000 00:00 0 
7fa21000-7fb00000 ---p 00000000 00:00 0 
7fb3e000-7fc00000 r--s 010b9000 08:09 32730      /home/sunny/android-sdk/platforms/android-16/android.jar
7fc00000-7fc21000 rw-p 00000000 00:00 0 
7fc21000-7fd00000 ---p 00000000 00:00 0 
7fd7c000-7fd7d000 ---p 00000000 00:00 0 
7fd7d000-7fdfd000 rw-p 00000000 00:00 0 
7fdfd000-7fdfe000 ---p 00000000 00:00 0 
7fdfe000-7fe86000 rw-p 00000000 00:00 0 
7fe86000-7febe000 rw-p 00000000 00:00 0 
7febe000-7fecd000 rw-p 00000000 00:00 0 
7fecd000-7ffa5000 rw-p 00000000 00:00 0 
7ffa5000-7ffad000 rw-p 00000000 00:00 0 
7ffad000-7ffe5000 rw-p 00000000 00:00 0 
7ffe5000-7fff4000 rw-p 00000000 00:00 0 
7fff4000-800cb000 rw-p 00000000 00:00 0 
800cb000-800d3000 rw-p 00000000 00:00 0 
800d3000-8013f000 rw-p 00000000 00:00 0 
8013f000-81140000 rw-p 00000000 00:00 0 
81140000-88140000 rw-p 00000000 00:00 0 
88140000-89e10000 rw-p 00000000 00:00 0 
89e10000-a4ea0000 rw-p 00000000 00:00 0 
a4ea0000-a5d00000 rw-p 00000000 00:00 0 
a5d00000-b3540000 rw-p 00000000 00:00 0 
b3540000-b3549000 rw-p 00000000 00:00 0 
b3549000-b3600000 rw-p 00000000 00:00 0 
b3600000-b3840000 rwxp 00000000 00:00 0 
b3840000-b6660000 rw-p 00000000 00:00 0 
b6660000-b6700000 ---p 00000000 00:00 0 
b6736000-b6741000 r-xp 00000000 08:09 131793     /lib/i386-linux-gnu/libnss_files-2.15.so
b6741000-b6742000 r--p 0000a000 08:09 131793     /lib/i386-linux-gnu/libnss_files-2.15.so
b6742000-b6743000 rw-p 0000b000 08:09 131793     /lib/i386-linux-gnu/libnss_files-2.15.so
b6743000-b674d000 r-xp 00000000 08:09 131797     /lib/i386-linux-gnu/libnss_nis-2.15.so
b674d000-b674e000 r--p 00009000 08:09 131797     /lib/i386-linux-gnu/libnss_nis-2.15.so
b674e000-b674f000 rw-p 0000a000 08:09 131797     /lib/i386-linux-gnu/libnss_nis-2.15.so
b674f000-b6765000 r-xp 00000000 08:09 131787     /lib/i386-linux-gnu/libnsl-2.15.so
b6765000-b6766000 r--p 00015000 08:09 131787     /lib/i386-linux-gnu/libnsl-2.15.so
b6766000-b6767000 rw-p 00016000 08:09 131787     /lib/i386-linux-gnu/libnsl-2.15.so
b6767000-b6769000 rw-p 00000000 00:00 0 
b6769000-b6770000 r-xp 00000000 08:09 131789     /lib/i386-linux-gnu/libnss_compat-2.15.so
b6770000-b6771000 r--p 00006000 08:09 131789     /lib/i386-linux-gnu/libnss_compat-2.15.so
b6771000-b6772000 rw-p 00007000 08:09 131789     /lib/i386-linux-gnu/libnss_compat-2.15.so
b6778000-b677f000 r-xp 00000000 08:09 747624     /usr/lib/jvm/java-6-openjdk-i386/jre/lib/i386/libzip.so
b677f000-b6780000 r--p 00006000 08:09 747624     /usr/lib/jvm/java-6-openjdk-i386/jre/lib/i386/libzip.so
b6780000-b6781000 rw-p 00007000 08:09 747624     /usr/lib/jvm/java-6-openjdk-i386/jre/lib/i386/libzip.so
b6781000-b6789000 rw-s 00000000 08:09 622572     /tmp/hsperfdata_sunny/2858
b6789000-b67af000 r-xp 00000000 08:09 747621     /usr/lib/jvm/java-6-openjdk-i386/jre/lib/i386/libjava.so
b67af000-b67b0000 r--p 00025000 08:09 747621     /usr/lib/jvm/java-6-openjdk-i386/jre/lib/i386/libjava.so
b67b0000-b67b2000 rw-p 00026000 08:09 747621     /usr/lib/jvm/java-6-openjdk-i386/jre/lib/i386/libjava.so
b67b2000-b67b9000 r-xp 00000000 08:09 131828     /lib/i386-linux-gnu/librt-2.15.so
b67b9000-b67ba000 r--p 00006000 08:09 131828     /lib/i386-linux-gnu/librt-2.15.so
b67ba000-b67bb000 rw-p 00007000 08:09 131828     /lib/i386-linux-gnu/librt-2.15.so
b67bb000-b67be000 ---p 00000000 00:00 0 
b67be000-b680c000 rw-p 00000000 00:00 0 
b680c000-b6828000 r-xp 00000000 08:09 131763     /lib/i386-linux-gnu/libgcc_s.so.1
b6828000-b6829000 r--p 0001b000 08:09 131763     /lib/i386-linux-gnu/libgcc_s.so.1
b6829000-b682a000 rw-p 0001c000 08:09 131763     /lib/i386-linux-gnu/libgcc_s.so.1
b682a000-b6854000 r-xp 00000000 08:09 131774     /lib/i386-linux-gnu/libm-2.15.so
b6854000-b6855000 r--p 00029000 08:09 131774     /lib/i386-linux-gnu/libm-2.15.so
b6855000-b6856000 rw-p 0002a000 08:09 131774     /lib/i386-linux-gnu/libm-2.15.so
b6856000-b692e000 r-xp 00000000 08:09 474769     /usr/lib/i386-linux-gnu/libstdc++.so.6.0.16
b692e000-b692f000 ---p 000d8000 08:09 474769     /usr/lib/i386-linux-gnu/libstdc++.so.6.0.16
b692f000-b6933000 r--p 000d8000 08:09 474769     /usr/lib/i386-linux-gnu/libstdc++.so.6.0.16
b6933000-b6934000 rw-p 000dc000 08:09 474769     /usr/lib/i386-linux-gnu/libstdc++.so.6.0.16
b6934000-b693b000 rw-p 00000000 00:00 0 
b693b000-b7159000 r-xp 00000000 08:09 747634     /usr/lib/jvm/java-6-openjdk-i386/jre/lib/i386/server/libjvm.so
b7159000-b719e000 r--p 0081e000 08:09 747634     /usr/lib/jvm/java-6-openjdk-i386/jre/lib/i386/server/libjvm.so
b719e000-b71ad000 rw-p 00863000 08:09 747634     /usr/lib/jvm/java-6-openjdk-i386/jre/lib/i386/server/libjvm.so
b71ad000-b75c9000 rw-p 00000000 00:00 0 
b75c9000-b75dd000 r-xp 00000000 08:09 131853     /lib/i386-linux-gnu/libz.so.1.2.3.4
b75dd000-b75de000 r--p 00013000 08:09 131853     /lib/i386-linux-gnu/libz.so.1.2.3.4
b75de000-b75df000 rw-p 00014000 08:09 131853     /lib/i386-linux-gnu/libz.so.1.2.3.4
b75df000-b777e000 r-xp 00000000 08:09 131742     /lib/i386-linux-gnu/libc-2.15.so
b777e000-b7780000 r--p 0019f000 08:09 131742     /lib/i386-linux-gnu/libc-2.15.so
b7780000-b7781000 rw-p 001a1000 08:09 131742     /lib/i386-linux-gnu/libc-2.15.so
b7781000-b7784000 rw-p 00000000 00:00 0 
b7784000-b7787000 r-xp 00000000 08:09 131755     /lib/i386-linux-gnu/libdl-2.15.so
b7787000-b7788000 r--p 00002000 08:09 131755     /lib/i386-linux-gnu/libdl-2.15.so
b7788000-b7789000 rw-p 00003000 08:09 131755     /lib/i386-linux-gnu/libdl-2.15.so
b7789000-b778d000 r-xp 00000000 08:09 747650     /usr/lib/jvm/java-6-openjdk-i386/jre/lib/i386/jli/libjli.so
b778d000-b778e000 r--p 00003000 08:09 747650     /usr/lib/jvm/java-6-openjdk-i386/jre/lib/i386/jli/libjli.so
b778e000-b778f000 rw-p 00004000 08:09 747650     /usr/lib/jvm/java-6-openjdk-i386/jre/lib/i386/jli/libjli.so
b778f000-b7790000 rw-p 00000000 00:00 0 
b7790000-b77a7000 r-xp 00000000 08:09 131822     /lib/i386-linux-gnu/libpthread-2.15.so
b77a7000-b77a8000 r--p 00016000 08:09 131822     /lib/i386-linux-gnu/libpthread-2.15.so
b77a8000-b77a9000 rw-p 00017000 08:09 131822     /lib/i386-linux-gnu/libpthread-2.15.so
b77a9000-b77ab000 rw-p 00000000 00:00 0 
b77b2000-b77b3000 rw-p 00000000 00:00 0 
b77b3000-b77b4000 r--p 00000000 00:00 0 
b77b4000-b77bf000 r-xp 00000000 08:09 747657     /usr/lib/jvm/java-6-openjdk-i386/jre/lib/i386/libverify.so
b77bf000-b77c0000 ---p 0000b000 08:09 747657     /usr/lib/jvm/java-6-openjdk-i386/jre/lib/i386/libverify.so
b77c0000-b77c1000 r--p 0000b000 08:09 747657     /usr/lib/jvm/java-6-openjdk-i386/jre/lib/i386/libverify.so
b77c1000-b77c2000 rw-p 0000c000 08:09 747657     /usr/lib/jvm/java-6-openjdk-i386/jre/lib/i386/libverify.so
b77c2000-b77c4000 rw-p 00000000 00:00 0 
b77c4000-b77c5000 r-xp 00000000 00:00 0          [vdso]
b77c5000-b77e5000 r-xp 00000000 08:09 131722     /lib/i386-linux-gnu/ld-2.15.so
b77e5000-b77e6000 r--p 0001f000 08:09 131722     /lib/i386-linux-gnu/ld-2.15.so
b77e6000-b77e7000 rw-p 00020000 08:09 131722     /lib/i386-linux-gnu/ld-2.15.so
bffa7000-bffc8000 rw-p 00000000 00:00 0          [stack]

VM Arguments:
jvm_args: -Dfile.encoding=UTF-8 -Xbootclasspath:/home/sunny/android-sdk/platforms/android-16/android.jar 
java_command: www.snx.sunnyhttp.NanoHTTPD
Launcher Type: SUN_STANDARD

Environment Variables:
PATH=/usr/lib/lightdm/lightdm:/usr/local/sbin:/usr/local/bin:/usr/sbin:/usr/bin:/sbin:/bin:/usr/games
LD_LIBRARY_PATH=/usr/lib/jvm/java-6-openjdk-i386/jre/lib/i386/server:/usr/lib/jvm/java-6-openjdk-i386/jre/lib/i386:/usr/lib/jvm/java-6-openjdk-i386/jre/../lib/i386:/usr/lib/jvm/java-6-openjdk-i386/jre/lib/i386/client:/usr/lib/jvm/java-6-openjdk-i386/jre/lib/i386:
SHELL=/bin/bash
DISPLAY=:0

Signal Handlers:
SIGSEGV: [libjvm.so+0x66a270], sa_mask[0]=0x7ffbfeff, sa_flags=0x10000004
SIGBUS: [libjvm.so+0x66a270], sa_mask[0]=0x7ffbfeff, sa_flags=0x10000004
SIGFPE: [libjvm.so+0x52e160], sa_mask[0]=0x7ffbfeff, sa_flags=0x10000004
SIGPIPE: [libjvm.so+0x52e160], sa_mask[0]=0x7ffbfeff, sa_flags=0x10000004
SIGXFSZ: [libjvm.so+0x52e160], sa_mask[0]=0x7ffbfeff, sa_flags=0x10000004
SIGILL: [libjvm.so+0x52e160], sa_mask[0]=0x7ffbfeff, sa_flags=0x10000004
SIGUSR1: SIG_DFL, sa_mask[0]=0x00000000, sa_flags=0x00000000
SIGUSR2: [libjvm.so+0x52dff0], sa_mask[0]=0x00000004, sa_flags=0x10000004
SIGHUP: SIG_DFL, sa_mask[0]=0x00000000, sa_flags=0x00000000
SIGINT: SIG_DFL, sa_mask[0]=0x00000000, sa_flags=0x00000000
SIGTERM: SIG_DFL, sa_mask[0]=0x00000000, sa_flags=0x00000000
SIGQUIT: SIG_DFL, sa_mask[0]=0x00000000, sa_flags=0x00000000


---------------  S Y S T E M  ---------------

OS:Ubuntu 12.04 (precise)
uname:Linux 3.2.0-27-generic-pae #43-Ubuntu SMP Fri Jul 6 15:06:05 UTC 2012 i686
libc:glibc 2.15 NPTL 2.15 
rlimit: STACK 8192k, CORE 0k, NPROC 21975, NOFILE 4096, AS infinity
load average:1.12 0.99 0.53

/proc/meminfo:
MemTotal:        2827464 kB
MemFree:         1141756 kB
Buffers:          104204 kB
Cached:           716816 kB
SwapCached:            0 kB
Active:           953656 kB
Inactive:         634724 kB
Active(anon):     768568 kB
Inactive(anon):   117780 kB
Active(file):     185088 kB
Inactive(file):   516944 kB
Unevictable:          16 kB
Mlocked:              16 kB
HighTotal:       1958812 kB
HighFree:         458536 kB
LowTotal:         868652 kB
LowFree:          683220 kB
SwapTotal:       1928188 kB
SwapFree:        1928188 kB
Dirty:              2668 kB
Writeback:             0 kB
AnonPages:        767744 kB
Mapped:           166320 kB
Shmem:            118632 kB
Slab:              68744 kB
SReclaimable:      48704 kB
SUnreclaim:        20040 kB
KernelStack:        3680 kB
PageTables:         9420 kB
NFS_Unstable:          0 kB
Bounce:                0 kB
WritebackTmp:          0 kB
CommitLimit:     3341920 kB
Committed_AS:    3328368 kB
VmallocTotal:     122880 kB
VmallocUsed:       16916 kB
VmallocChunk:     105380 kB
HardwareCorrupted:     0 kB
AnonHugePages:         0 kB
HugePages_Total:       0
HugePages_Free:        0
HugePages_Rsvd:        0
HugePages_Surp:        0
Hugepagesize:       2048 kB
DirectMap4k:       10232 kB
DirectMap2M:      903168 kB


CPU:total 2 (2 cores per cpu, 1 threads per core) family 6 model 37 stepping 5, cmov, cx8, fxsr, mmx, sse, sse2, sse3, ssse3, popcnt

Memory: 4k page, physical 2827464k(1141756k free), swap 1928188k(1928188k free)

vm_info: OpenJDK Server VM (20.0-b12) for linux-x86 JRE (1.6.0_24-b24), built on Jun 26 2012 22:36:29 by "buildd" with gcc 4.6.3

time: Sat Feb  9 01:57:59 2013
elapsed time: 0 seconds

